C:\USERS\DANIEL\PROGRAMMING\MAZE\MAZE\DEBUG\BACKGROUND.OBJ
C:\USERS\DANIEL\PROGRAMMING\MAZE\MAZE\DEBUG\BASEOBJECT.OBJ
C:\USERS\DANIEL\PROGRAMMING\MAZE\MAZE\DEBUG\DIAMOND.OBJ
C:\USERS\DANIEL\PROGRAMMING\MAZE\MAZE\DEBUG\DOOR.OBJ
C:\USERS\DANIEL\PROGRAMMING\MAZE\MAZE\DEBUG\FILEINPUT.OBJ
C:\USERS\DANIEL\PROGRAMMING\MAZE\MAZE\DEBUG\GAME.OBJ
C:\USERS\DANIEL\PROGRAMMING\MAZE\MAZE\DEBUG\GAMEOBJECTMANAGER.OBJ
C:\USERS\DANIEL\PROGRAMMING\MAZE\MAZE\DEBUG\GOAL.OBJ
C:\USERS\DANIEL\PROGRAMMING\MAZE\MAZE\DEBUG\HIGHSCORE.OBJ
C:\USERS\DANIEL\PROGRAMMING\MAZE\MAZE\DEBUG\MAZE.EXE
C:\USERS\DANIEL\PROGRAMMING\MAZE\MAZE\DEBUG\MAZE.EXE.EMBED.MANIFEST
C:\USERS\DANIEL\PROGRAMMING\MAZE\MAZE\DEBUG\MAZE.EXE.EMBED.MANIFEST.RES
C:\USERS\DANIEL\PROGRAMMING\MAZE\MAZE\DEBUG\MAZE.EXE.INTERMEDIATE.MANIFEST
C:\USERS\DANIEL\PROGRAMMING\MAZE\MAZE\DEBUG\MAZE.ILK
C:\USERS\DANIEL\PROGRAMMING\MAZE\MAZE\DEBUG\MAZE.OBJ
C:\USERS\DANIEL\PROGRAMMING\MAZE\MAZE\DEBUG\MAZE.PCH
C:\USERS\DANIEL\PROGRAMMING\MAZE\MAZE\DEBUG\MAZE.PDB
C:\USERS\DANIEL\PROGRAMMING\MAZE\MAZE\DEBUG\MOVINGENTITY.OBJ
C:\USERS\DANIEL\PROGRAMMING\MAZE\MAZE\DEBUG\PLAYER.OBJ
C:\USERS\DANIEL\PROGRAMMING\MAZE\MAZE\DEBUG\SCORE.OBJ
C:\USERS\DANIEL\PROGRAMMING\MAZE\MAZE\DEBUG\SERVICELOCATOR.OBJ
C:\USERS\DANIEL\PROGRAMMING\MAZE\MAZE\DEBUG\SFMLSOUNDPROVIDER.OBJ
C:\USERS\DANIEL\PROGRAMMING\MAZE\MAZE\DEBUG\SOUNDFILECACHE.OBJ
C:\USERS\DANIEL\PROGRAMMING\MAZE\MAZE\DEBUG\SPLASHSCREEN.OBJ
C:\USERS\DANIEL\PROGRAMMING\MAZE\MAZE\DEBUG\STDAFX.OBJ
C:\USERS\DANIEL\PROGRAMMING\MAZE\MAZE\DEBUG\VC100.PDB
C:\USERS\DANIEL\PROGRAMMING\MAZE\MAZE\DEBUG\VECTOR2D.OBJ
C:\USERS\DANIEL\PROGRAMMING\MAZE\MAZE\DEBUG\WALL.OBJ
C:\USERS\DANIEL\PROGRAMMING\MAZE\MAZE\DEBUG\WALLHORIZONTAL.OBJ
C:\USERS\DANIEL\PROGRAMMING\MAZE\MAZE\DEBUG\WALLVERTICAL.OBJ
C:\USERS\DANIEL\PROGRAMMING\WORKS IN PROGRESS\MAZE\MAZE\DEBUG\BACKGROUND.OBJ
C:\USERS\DANIEL\PROGRAMMING\WORKS IN PROGRESS\MAZE\MAZE\DEBUG\BASEOBJECT.OBJ
C:\Users\Daniel\Programming\Works in Progress\Maze\Maze\Debug\cl.command.1.tlog
C:\Users\Daniel\Programming\Works in Progress\Maze\Maze\Debug\CL.read.1.tlog
C:\Users\Daniel\Programming\Works in Progress\Maze\Maze\Debug\CL.write.1.tlog
C:\USERS\DANIEL\PROGRAMMING\WORKS IN PROGRESS\MAZE\MAZE\DEBUG\DIAMOND.OBJ
C:\USERS\DANIEL\PROGRAMMING\WORKS IN PROGRESS\MAZE\MAZE\DEBUG\DOOR.OBJ
C:\USERS\DANIEL\PROGRAMMING\WORKS IN PROGRESS\MAZE\MAZE\DEBUG\FILEINPUT.OBJ
C:\USERS\DANIEL\PROGRAMMING\WORKS IN PROGRESS\MAZE\MAZE\DEBUG\GAME.OBJ
C:\USERS\DANIEL\PROGRAMMING\WORKS IN PROGRESS\MAZE\MAZE\DEBUG\GAMEMENU.OBJ
C:\USERS\DANIEL\PROGRAMMING\WORKS IN PROGRESS\MAZE\MAZE\DEBUG\GAMEOBJECTMANAGER.OBJ
C:\USERS\DANIEL\PROGRAMMING\WORKS IN PROGRESS\MAZE\MAZE\DEBUG\GOAL.OBJ
C:\USERS\DANIEL\PROGRAMMING\WORKS IN PROGRESS\MAZE\MAZE\DEBUG\HIGHSCORE.OBJ
C:\USERS\DANIEL\PROGRAMMING\WORKS IN PROGRESS\MAZE\MAZE\DEBUG\IGUI.OBJ
C:\Users\Daniel\Programming\Works in Progress\Maze\Maze\Debug\link.1020.read.1.tlog
C:\Users\Daniel\Programming\Works in Progress\Maze\Maze\Debug\link.1020.write.1.tlog
C:\Users\Daniel\Programming\Works in Progress\Maze\Maze\Debug\link.1020-cvtres.read.1.tlog
C:\Users\Daniel\Programming\Works in Progress\Maze\Maze\Debug\link.1020-cvtres.write.1.tlog
C:\Users\Daniel\Programming\Works in Progress\Maze\Maze\Debug\link.1252.read.1.tlog
C:\Users\Daniel\Programming\Works in Progress\Maze\Maze\Debug\link.1252.write.1.tlog
C:\Users\Daniel\Programming\Works in Progress\Maze\Maze\Debug\link.1252-cvtres.read.1.tlog
C:\Users\Daniel\Programming\Works in Progress\Maze\Maze\Debug\link.1252-cvtres.write.1.tlog
C:\Users\Daniel\Programming\Works in Progress\Maze\Maze\Debug\link.2380.read.1.tlog
C:\Users\Daniel\Programming\Works in Progress\Maze\Maze\Debug\link.2380.write.1.tlog
C:\Users\Daniel\Programming\Works in Progress\Maze\Maze\Debug\link.2380-cvtres.read.1.tlog
C:\Users\Daniel\Programming\Works in Progress\Maze\Maze\Debug\link.2380-cvtres.write.1.tlog
C:\Users\Daniel\Programming\Works in Progress\Maze\Maze\Debug\link.3832.read.1.tlog
C:\Users\Daniel\Programming\Works in Progress\Maze\Maze\Debug\link.3832.write.1.tlog
C:\Users\Daniel\Programming\Works in Progress\Maze\Maze\Debug\link.3832-cvtres.read.1.tlog
C:\Users\Daniel\Programming\Works in Progress\Maze\Maze\Debug\link.3832-cvtres.write.1.tlog
C:\Users\Daniel\Programming\Works in Progress\Maze\Maze\Debug\link.3940.read.1.tlog
C:\Users\Daniel\Programming\Works in Progress\Maze\Maze\Debug\link.3940.write.1.tlog
C:\Users\Daniel\Programming\Works in Progress\Maze\Maze\Debug\link.3940-cvtres.read.1.tlog
C:\Users\Daniel\Programming\Works in Progress\Maze\Maze\Debug\link.3940-cvtres.write.1.tlog
C:\Users\Daniel\Programming\Works in Progress\Maze\Maze\Debug\link.4032.read.1.tlog
C:\Users\Daniel\Programming\Works in Progress\Maze\Maze\Debug\link.4032.write.1.tlog
C:\Users\Daniel\Programming\Works in Progress\Maze\Maze\Debug\link.4032-cvtres.read.1.tlog
C:\Users\Daniel\Programming\Works in Progress\Maze\Maze\Debug\link.4032-cvtres.write.1.tlog
C:\Users\Daniel\Programming\Works in Progress\Maze\Maze\Debug\link.408.read.1.tlog
C:\Users\Daniel\Programming\Works in Progress\Maze\Maze\Debug\link.408.write.1.tlog
C:\Users\Daniel\Programming\Works in Progress\Maze\Maze\Debug\link.408-cvtres.read.1.tlog
C:\Users\Daniel\Programming\Works in Progress\Maze\Maze\Debug\link.408-cvtres.write.1.tlog
C:\Users\Daniel\Programming\Works in Progress\Maze\Maze\Debug\link.4252.read.1.tlog
C:\Users\Daniel\Programming\Works in Progress\Maze\Maze\Debug\link.4252.write.1.tlog
C:\Users\Daniel\Programming\Works in Progress\Maze\Maze\Debug\link.4252-cvtres.read.1.tlog
C:\Users\Daniel\Programming\Works in Progress\Maze\Maze\Debug\link.4252-cvtres.write.1.tlog
C:\Users\Daniel\Programming\Works in Progress\Maze\Maze\Debug\link.4376.read.1.tlog
C:\Users\Daniel\Programming\Works in Progress\Maze\Maze\Debug\link.4376.write.1.tlog
C:\Users\Daniel\Programming\Works in Progress\Maze\Maze\Debug\link.4376-cvtres.read.1.tlog
C:\Users\Daniel\Programming\Works in Progress\Maze\Maze\Debug\link.4376-cvtres.write.1.tlog
C:\Users\Daniel\Programming\Works in Progress\Maze\Maze\Debug\link.4468.read.1.tlog
C:\Users\Daniel\Programming\Works in Progress\Maze\Maze\Debug\link.4468.write.1.tlog
C:\Users\Daniel\Programming\Works in Progress\Maze\Maze\Debug\link.4468-cvtres.read.1.tlog
C:\Users\Daniel\Programming\Works in Progress\Maze\Maze\Debug\link.4468-cvtres.write.1.tlog
C:\Users\Daniel\Programming\Works in Progress\Maze\Maze\Debug\link.4604.read.1.tlog
C:\Users\Daniel\Programming\Works in Progress\Maze\Maze\Debug\link.4604.write.1.tlog
C:\Users\Daniel\Programming\Works in Progress\Maze\Maze\Debug\link.4604-cvtres.read.1.tlog
C:\Users\Daniel\Programming\Works in Progress\Maze\Maze\Debug\link.4604-cvtres.write.1.tlog
C:\Users\Daniel\Programming\Works in Progress\Maze\Maze\Debug\link.4796.read.1.tlog
C:\Users\Daniel\Programming\Works in Progress\Maze\Maze\Debug\link.4796.write.1.tlog
C:\Users\Daniel\Programming\Works in Progress\Maze\Maze\Debug\link.4796-cvtres.read.1.tlog
C:\Users\Daniel\Programming\Works in Progress\Maze\Maze\Debug\link.4796-cvtres.write.1.tlog
C:\Users\Daniel\Programming\Works in Progress\Maze\Maze\Debug\link.4816.read.1.tlog
C:\Users\Daniel\Programming\Works in Progress\Maze\Maze\Debug\link.4816.write.1.tlog
C:\Users\Daniel\Programming\Works in Progress\Maze\Maze\Debug\link.4816-cvtres.read.1.tlog
C:\Users\Daniel\Programming\Works in Progress\Maze\Maze\Debug\link.4816-cvtres.write.1.tlog
C:\Users\Daniel\Programming\Works in Progress\Maze\Maze\Debug\link.4904.read.1.tlog
C:\Users\Daniel\Programming\Works in Progress\Maze\Maze\Debug\link.4904.write.1.tlog
C:\Users\Daniel\Programming\Works in Progress\Maze\Maze\Debug\link.4904-cvtres.read.1.tlog
C:\Users\Daniel\Programming\Works in Progress\Maze\Maze\Debug\link.4904-cvtres.write.1.tlog
C:\Users\Daniel\Programming\Works in Progress\Maze\Maze\Debug\link.5056.read.1.tlog
C:\Users\Daniel\Programming\Works in Progress\Maze\Maze\Debug\link.5056.write.1.tlog
C:\Users\Daniel\Programming\Works in Progress\Maze\Maze\Debug\link.5056-cvtres.read.1.tlog
C:\Users\Daniel\Programming\Works in Progress\Maze\Maze\Debug\link.5056-cvtres.write.1.tlog
C:\Users\Daniel\Programming\Works in Progress\Maze\Maze\Debug\link.5072.read.1.tlog
C:\Users\Daniel\Programming\Works in Progress\Maze\Maze\Debug\link.5072.write.1.tlog
C:\Users\Daniel\Programming\Works in Progress\Maze\Maze\Debug\link.5072-cvtres.read.1.tlog
C:\Users\Daniel\Programming\Works in Progress\Maze\Maze\Debug\link.5072-cvtres.write.1.tlog
C:\Users\Daniel\Programming\Works in Progress\Maze\Maze\Debug\link.5104.read.1.tlog
C:\Users\Daniel\Programming\Works in Progress\Maze\Maze\Debug\link.5104.write.1.tlog
C:\Users\Daniel\Programming\Works in Progress\Maze\Maze\Debug\link.5104-cvtres.read.1.tlog
C:\Users\Daniel\Programming\Works in Progress\Maze\Maze\Debug\link.5104-cvtres.write.1.tlog
C:\Users\Daniel\Programming\Works in Progress\Maze\Maze\Debug\link.5564.read.1.tlog
C:\Users\Daniel\Programming\Works in Progress\Maze\Maze\Debug\link.5564.write.1.tlog
C:\Users\Daniel\Programming\Works in Progress\Maze\Maze\Debug\link.5564-cvtres.read.1.tlog
C:\Users\Daniel\Programming\Works in Progress\Maze\Maze\Debug\link.5564-cvtres.write.1.tlog
C:\Users\Daniel\Programming\Works in Progress\Maze\Maze\Debug\link.5572.read.1.tlog
C:\Users\Daniel\Programming\Works in Progress\Maze\Maze\Debug\link.5572.write.1.tlog
C:\Users\Daniel\Programming\Works in Progress\Maze\Maze\Debug\link.5572-cvtres.read.1.tlog
C:\Users\Daniel\Programming\Works in Progress\Maze\Maze\Debug\link.5572-cvtres.write.1.tlog
C:\Users\Daniel\Programming\Works in Progress\Maze\Maze\Debug\link.command.1.tlog
C:\Users\Daniel\Programming\Works in Progress\Maze\Maze\Debug\link.read.1.tlog
C:\Users\Daniel\Programming\Works in Progress\Maze\Maze\Debug\link.write.1.tlog
C:\Users\Daniel\Programming\Works in Progress\Maze\Maze\Debug\link-cvtres.read.1.tlog
C:\Users\Daniel\Programming\Works in Progress\Maze\Maze\Debug\link-cvtres.write.1.tlog
C:\USERS\DANIEL\PROGRAMMING\WORKS IN PROGRESS\MAZE\MAZE\DEBUG\MAZE.EXE
C:\Users\Daniel\Programming\Works in Progress\Maze\Maze\Debug\Maze.exe.embed.manifest
C:\USERS\DANIEL\PROGRAMMING\WORKS IN PROGRESS\MAZE\MAZE\DEBUG\MAZE.EXE.EMBED.MANIFEST.RES
C:\USERS\DANIEL\PROGRAMMING\WORKS IN PROGRESS\MAZE\MAZE\DEBUG\MAZE.EXE.INTERMEDIATE.MANIFEST
C:\USERS\DANIEL\PROGRAMMING\WORKS IN PROGRESS\MAZE\MAZE\DEBUG\MAZE.ILK
C:\USERS\DANIEL\PROGRAMMING\WORKS IN PROGRESS\MAZE\MAZE\DEBUG\MAZE.OBJ
C:\USERS\DANIEL\PROGRAMMING\WORKS IN PROGRESS\MAZE\MAZE\DEBUG\MAZE.PCH
C:\USERS\DANIEL\PROGRAMMING\WORKS IN PROGRESS\MAZE\MAZE\DEBUG\MAZE.PDB
C:\Users\Daniel\Programming\Works in Progress\Maze\Maze\Debug\Maze_manifest.rc
C:\Users\Daniel\Programming\Works in Progress\Maze\Maze\Debug\MazeEditor.ilk
C:\Users\Daniel\Programming\Works in Progress\Maze\Maze\Debug\MazeEditor.pdb
C:\USERS\DANIEL\PROGRAMMING\WORKS IN PROGRESS\MAZE\MAZE\DEBUG\MENUBUTTON.OBJ
C:\USERS\DANIEL\PROGRAMMING\WORKS IN PROGRESS\MAZE\MAZE\DEBUG\MOVINGENTITY.OBJ
C:\Users\Daniel\Programming\Works in Progress\Maze\Maze\Debug\mt.command.1.tlog
C:\Users\Daniel\Programming\Works in Progress\Maze\Maze\Debug\mt.read.1.tlog
C:\Users\Daniel\Programming\Works in Progress\Maze\Maze\Debug\mt.write.1.tlog
C:\USERS\DANIEL\PROGRAMMING\WORKS IN PROGRESS\MAZE\MAZE\DEBUG\PLAYER.OBJ
C:\Users\Daniel\Programming\Works in Progress\Maze\Maze\Debug\rc.command.1.tlog
C:\Users\Daniel\Programming\Works in Progress\Maze\Maze\Debug\rc.read.1.tlog
C:\Users\Daniel\Programming\Works in Progress\Maze\Maze\Debug\rc.write.1.tlog
C:\Users\Daniel\Programming\Works in Progress\Maze\Maze\Debug\Score.obj
C:\USERS\DANIEL\PROGRAMMING\WORKS IN PROGRESS\MAZE\MAZE\DEBUG\SERVICELOCATOR.OBJ
C:\USERS\DANIEL\PROGRAMMING\WORKS IN PROGRESS\MAZE\MAZE\DEBUG\SFMLSOUNDPROVIDER.OBJ
C:\USERS\DANIEL\PROGRAMMING\WORKS IN PROGRESS\MAZE\MAZE\DEBUG\SOUNDFILECACHE.OBJ
C:\USERS\DANIEL\PROGRAMMING\WORKS IN PROGRESS\MAZE\MAZE\DEBUG\SPLASHSCREEN.OBJ
C:\USERS\DANIEL\PROGRAMMING\WORKS IN PROGRESS\MAZE\MAZE\DEBUG\STDAFX.OBJ
C:\Users\Daniel\Programming\Works in Progress\Maze\Maze\Debug\Test.ilk
C:\Users\Daniel\Programming\Works in Progress\Maze\Maze\Debug\Test.pdb
C:\Users\Daniel\Programming\Works in Progress\Maze\Maze\Debug\vc100.idb
C:\USERS\DANIEL\PROGRAMMING\WORKS IN PROGRESS\MAZE\MAZE\DEBUG\VC100.PDB
C:\Users\Daniel\Programming\Works in Progress\Maze\Maze\Debug\Vector2D.obj
C:\USERS\DANIEL\PROGRAMMING\WORKS IN PROGRESS\MAZE\MAZE\DEBUG\WALL.OBJ
C:\USERS\DANIEL\PROGRAMMING\WORKS IN PROGRESS\MAZE\MAZE\DEBUG\WALLHORIZONTAL.OBJ
C:\USERS\DANIEL\PROGRAMMING\WORKS IN PROGRESS\MAZE\MAZE\DEBUG\WALLVERTICAL.OBJ
