Build started 12/14/2012 9:37:37 AM.
     1>Project "C:\Users\Daniel\Programming\Works in Progress\Maze\Maze\Maze.vcxproj" on node 2 (build target(s)).
     1>InitializeBuildStatus:
         Creating "Debug\Maze.unsuccessfulbuild" because "AlwaysCreate" was specified.
       ClCompile:
         C:\Program Files (x86)\Microsoft Visual Studio 10.0\VC\bin\CL.exe /c /I"C:\libs\SFML-1.6 - VS2010\include" /ZI /nologo /W3 /WX- /Od /Oy- /D SFML_DYNAMIC /D WIN32 /D _DEBUG /D _CONSOLE /D _UNICODE /D UNICODE /Gm /EHsc /RTC1 /MDd /GS /fp:precise /Zc:wchar_t /Zc:forScope /Yc"StdAfx.h" /Fp"Debug\Maze.pch" /Fo"Debug\\" /Fd"Debug\vc100.pdb" /Gd /TP /analyze- /errorReport:prompt stdafx.cpp
         stdafx.cpp
         C:\Program Files (x86)\Microsoft Visual Studio 10.0\VC\bin\CL.exe /c /I"C:\libs\SFML-1.6 - VS2010\include" /ZI /nologo /W3 /WX- /Od /Oy- /D SFML_DYNAMIC /D WIN32 /D _DEBUG /D _CONSOLE /D _UNICODE /D UNICODE /Gm /EHsc /RTC1 /MDd /GS /fp:precise /Zc:wchar_t /Zc:forScope /Yu"StdAfx.h" /Fp"Debug\Maze.pch" /Fo"Debug\\" /Fd"Debug\vc100.pdb" /Gd /TP /analyze- /errorReport:prompt Background.cpp BaseObject.cpp Button.cpp Diamond.cpp Door.cpp FileInput.cpp Game.cpp GameObjectManager.cpp Goal.cpp HighScore.cpp IGui.cpp ImageCache.cpp Maze.cpp MovingEntity.cpp Player.cpp SFMLSoundProvider.cpp ServiceLocator.cpp SoundFileCache.cpp SplashScreen.cpp Wall.cpp WallHorizontal.cpp WallVertical.cpp
         IGui.cpp
     1>c:\users\daniel\programming\works in progress\maze\maze\igui.cpp(14): warning C4244: 'argument' : conversion from 'float' to 'int', possible loss of data
     1>c:\users\daniel\programming\works in progress\maze\maze\igui.cpp(14): warning C4244: 'argument' : conversion from 'float' to 'int', possible loss of data
     1>c:\users\daniel\programming\works in progress\maze\maze\igui.cpp(14): warning C4244: 'argument' : conversion from 'float' to 'int', possible loss of data
     1>c:\users\daniel\programming\works in progress\maze\maze\igui.cpp(14): warning C4244: 'argument' : conversion from 'float' to 'int', possible loss of data
         Button.cpp
         Generating Code...
         Compiling...
         ServiceLocator.cpp
         ImageCache.cpp
         Goal.cpp
         Game.cpp
         Door.cpp
         Diamond.cpp
         Generating Code...
         Skipping... (no relevant changes detected)
         WallVertical.cpp
         WallHorizontal.cpp
         Wall.cpp
         SplashScreen.cpp
         SoundFileCache.cpp
         SFMLSoundProvider.cpp
         Player.cpp
         MovingEntity.cpp
         Maze.cpp
         HighScore.cpp
         GameObjectManager.cpp
         FileInput.cpp
         BaseObject.cpp
         Background.cpp
       ManifestResourceCompile:
         All outputs are up-to-date.
       Link:
         C:\Program Files (x86)\Microsoft Visual Studio 10.0\VC\bin\link.exe /ERRORREPORT:PROMPT /OUT:"C:\Users\Daniel\Programming\Works in Progress\Maze\Maze\Debug\Maze.exe" /INCREMENTAL /NOLOGO /LIBPATH:"C:\libs\SFML-1.6 - VS2010\lib" kernel32.lib user32.lib gdi32.lib winspool.lib comdlg32.lib advapi32.lib shell32.lib ole32.lib oleaut32.lib uuid.lib odbc32.lib odbccp32.lib "sfml-system-d.lib" "sfml-main-d.lib" "sfml-graphics-d.lib" "sfml-audio-d.lib" "sfml-window-d.lib" kernel32.lib user32.lib gdi32.lib winspool.lib comdlg32.lib advapi32.lib shell32.lib ole32.lib oleaut32.lib uuid.lib odbc32.lib odbccp32.lib /MANIFEST /ManifestFile:"Debug\Maze.exe.intermediate.manifest" /MANIFESTUAC:"level='asInvoker' uiAccess='false'" /DEBUG /PDB:"C:\Users\Daniel\Programming\Works in Progress\Maze\Maze\Debug\Maze.pdb" /SUBSYSTEM:CONSOLE /TLBID:1 /DYNAMICBASE /NXCOMPAT /IMPLIB:"C:\Users\Daniel\Programming\Works in Progress\Maze\Maze\Debug\Maze.lib" /MACHINE:X86 Debug\Maze.exe.embed.manifest.res
         Debug\Background.obj
         Debug\BaseObject.obj
         Debug\Button.obj
         Debug\Diamond.obj
         Debug\Door.obj
         Debug\FileInput.obj
         Debug\Game.obj
         Debug\GameObjectManager.obj
         Debug\Goal.obj
         Debug\HighScore.obj
         Debug\IGui.obj
         Debug\ImageCache.obj
         Debug\Maze.obj
         Debug\MovingEntity.obj
         Debug\Player.obj
         Debug\ServiceLocator.obj
         Debug\SFMLSoundProvider.obj
         Debug\SoundFileCache.obj
         Debug\SplashScreen.obj
         Debug\stdafx.obj
         Debug\Wall.obj
         Debug\WallHorizontal.obj
         Debug\WallVertical.obj
       Manifest:
         C:\Program Files (x86)\Microsoft SDKs\Windows\v7.0A\bin\mt.exe /nologo /verbose /out:"Debug\Maze.exe.embed.manifest" /manifest Debug\Maze.exe.intermediate.manifest
         All outputs are up-to-date.
       LinkEmbedManifest:
         All outputs are up-to-date.
         Maze.vcxproj -> C:\Users\Daniel\Programming\Works in Progress\Maze\Maze\Debug\Maze.exe
       FinalizeBuildStatus:
         Deleting file "Debug\Maze.unsuccessfulbuild".
         Touching "Debug\Maze.lastbuildstate".
     1>Done Building Project "C:\Users\Daniel\Programming\Works in Progress\Maze\Maze\Maze.vcxproj" (build target(s)).

Build succeeded.

Time Elapsed 00:00:17.94
